[INFO] Scanning for projects...
[INFO] 
[INFO] -------------------< com.security:security-service >--------------------
[INFO] Building security-service 0.0.1-SNAPSHOT
[INFO]   from pom.xml
[INFO] --------------------------------[ jar ]---------------------------------
[INFO] 
[INFO] --- maven-clean-plugin:3.3.2:clean (default-clean) @ security-service ---
[INFO] Deleting E:\myproject\findsharp\security-service\target
[INFO] 
[INFO] --- maven-resources-plugin:3.3.1:resources (default-resources) @ security-service ---
[INFO] Copying 3 resources from src\main\resources to target\classes
[INFO] Copying 0 resource from src\main\resources to target\classes
[INFO] 
[INFO] --- maven-compiler-plugin:3.13.0:compile (default-compile) @ security-service ---
[INFO] Recompiling the module because of changed source code.
[INFO] Compiling 35 source files with javac [debug parameters release 21] to target\classes
[INFO] ------------------------------------------------------------------------
[INFO] BUILD SUCCESS
[INFO] ------------------------------------------------------------------------
[INFO] Total time:  12.103 s
[INFO] Finished at: 2026-03-30T21:51:05+05:30
[INFO] ------------------------------------------------------------------------
